<?xml version="1.0" encoding="UTF-8"?>
<!-- Generated by org.testng.reporters.JUnitReportReporter -->
<testsuite hostname="sakthivel-PC" name="demo1.AddSaleOrder" tests="3" failures="0" timestamp="3 Nov 2015 13:46:39 GMT" time="105.329" errors="0">
  <testcase name="SalesReport" time="22.469" classname="demo1.AddSaleOrder"/>
  <testcase name="salesorderack" time="57.594" classname="demo1.AddSaleOrder"/>
  <testcase name="function" time="25.266" classname="demo1.AddSaleOrder"/>
</testsuite> <!-- demo1.AddSaleOrder -->
