<?xml version="1.0" encoding="UTF-8"?>
<!-- Generated by org.testng.reporters.JUnitReportReporter -->
<testsuite hostname="sakthivel-PC" name="demo1.loginpage" tests="1" failures="0" timestamp="3 Nov 2015 12:16:23 GMT" time="19.228" errors="0">
  <testcase name="function" time="19.228" classname="demo1.loginpage"/>
</testsuite> <!-- demo1.loginpage -->
